  rectangular.cpp
C:\Users\USER\Desktop\data\ch02.Array\Chap02_Array_Class\Chap02_Class_Example\Music.h(62,19): error C2059: 구문 오류: '>'
  (소스 파일 'rectangular.cpp'을(를) 컴파일하는 중)
  
C:\Users\USER\Desktop\data\ch02.Array\Chap02_Array_Class\Chap02_Class_Example\Music.h(62,51): error C2334: '{' 앞에 예기치 않은 토큰이 있습니다. 명백한 함수 본문을 건너뜁니다.
  (소스 파일 'rectangular.cpp'을(를) 컴파일하는 중)
  
C:\Users\USER\Desktop\data\ch02.Array\Chap02_Array_Class\Chap02_Class_Example\rectangular.cpp(15,1): error C3927: '->': 후행 반환 형식은 비함수 선언자 뒤에 올 수 없습니다.
C:\Users\USER\Desktop\data\ch02.Array\Chap02_Array_Class\Chap02_Class_Example\rectangular.cpp(15,10): error C3484: 구문 오류: 반환 형식 앞에 '->'가 필요합니다.
C:\Users\USER\Desktop\data\ch02.Array\Chap02_Array_Class\Chap02_Class_Example\rectangular.cpp(15,11): error C3613: '->' 후 반환 형식이 없습니다('int'로 간주됨).
C:\Users\USER\Desktop\data\ch02.Array\Chap02_Array_Class\Chap02_Class_Example\rectangular.cpp(15,19): error C4430: 형식 지정자가 없습니다. int로 가정합니다. 참고: C++에서는 기본 int를 지원하지 않습니다.
C:\Users\USER\Desktop\data\ch02.Array\Chap02_Array_Class\Chap02_Class_Example\rectangular.cpp(15,1): error C2371: 'myService': 재정의. 기본 형식이 다릅니다.
  C:\Users\USER\Desktop\data\ch02.Array\Chap02_Array_Class\Chap02_Class_Example\rectangular.cpp(14,23):
  'myService' 선언을 참조하십시오.
  
C:\Users\USER\Desktop\data\ch02.Array\Chap02_Array_Class\Chap02_Class_Example\rectangular.cpp(15,11): error C2146: 구문 오류: ';'이(가) 'addMusic' 식별자 앞에 없습니다.
C:\Users\USER\Desktop\data\ch02.Array\Chap02_Array_Class\Chap02_Class_Example\rectangular.cpp(16,1): error C3927: '->': 후행 반환 형식은 비함수 선언자 뒤에 올 수 없습니다.
C:\Users\USER\Desktop\data\ch02.Array\Chap02_Array_Class\Chap02_Class_Example\rectangular.cpp(16,10): error C3484: 구문 오류: 반환 형식 앞에 '->'가 필요합니다.
C:\Users\USER\Desktop\data\ch02.Array\Chap02_Array_Class\Chap02_Class_Example\rectangular.cpp(16,11): error C3613: '->' 후 반환 형식이 없습니다('int'로 간주됨).
C:\Users\USER\Desktop\data\ch02.Array\Chap02_Array_Class\Chap02_Class_Example\rectangular.cpp(16,19): error C4430: 형식 지정자가 없습니다. int로 가정합니다. 참고: C++에서는 기본 int를 지원하지 않습니다.
C:\Users\USER\Desktop\data\ch02.Array\Chap02_Array_Class\Chap02_Class_Example\rectangular.cpp(16,1): error C2371: 'myService': 재정의. 기본 형식이 다릅니다.
  C:\Users\USER\Desktop\data\ch02.Array\Chap02_Array_Class\Chap02_Class_Example\rectangular.cpp(14,23):
  'myService' 선언을 참조하십시오.
  
C:\Users\USER\Desktop\data\ch02.Array\Chap02_Array_Class\Chap02_Class_Example\rectangular.cpp(16,11): error C2146: 구문 오류: ';'이(가) 'addMusic' 식별자 앞에 없습니다.
C:\Users\USER\Desktop\data\ch02.Array\Chap02_Array_Class\Chap02_Class_Example\rectangular.cpp(17,1): error C3927: '->': 후행 반환 형식은 비함수 선언자 뒤에 올 수 없습니다.
C:\Users\USER\Desktop\data\ch02.Array\Chap02_Array_Class\Chap02_Class_Example\rectangular.cpp(17,10): error C3484: 구문 오류: 반환 형식 앞에 '->'가 필요합니다.
C:\Users\USER\Desktop\data\ch02.Array\Chap02_Array_Class\Chap02_Class_Example\rectangular.cpp(17,11): error C3613: '->' 후 반환 형식이 없습니다('int'로 간주됨).
C:\Users\USER\Desktop\data\ch02.Array\Chap02_Array_Class\Chap02_Class_Example\rectangular.cpp(17,19): error C4430: 형식 지정자가 없습니다. int로 가정합니다. 참고: C++에서는 기본 int를 지원하지 않습니다.
C:\Users\USER\Desktop\data\ch02.Array\Chap02_Array_Class\Chap02_Class_Example\rectangular.cpp(17,1): error C2371: 'myService': 재정의. 기본 형식이 다릅니다.
  C:\Users\USER\Desktop\data\ch02.Array\Chap02_Array_Class\Chap02_Class_Example\rectangular.cpp(14,23):
  'myService' 선언을 참조하십시오.
  
C:\Users\USER\Desktop\data\ch02.Array\Chap02_Array_Class\Chap02_Class_Example\rectangular.cpp(17,11): error C2146: 구문 오류: ';'이(가) 'addMusic' 식별자 앞에 없습니다.
C:\Users\USER\Desktop\data\ch02.Array\Chap02_Array_Class\Chap02_Class_Example\rectangular.cpp(20,6): error C2143: 구문 오류: ';'이(가) '<<' 앞에 없습니다.
C:\Users\USER\Desktop\data\ch02.Array\Chap02_Array_Class\Chap02_Class_Example\rectangular.cpp(20,6): error C4430: 형식 지정자가 없습니다. int로 가정합니다. 참고: C++에서는 기본 int를 지원하지 않습니다.
C:\Users\USER\Desktop\data\ch02.Array\Chap02_Array_Class\Chap02_Class_Example\rectangular.cpp(20,6): error C2059: 구문 오류: '<<'
C:\Users\USER\Desktop\data\ch02.Array\Chap02_Array_Class\Chap02_Class_Example\rectangular.cpp(21,5): error C2143: 구문 오류: ';'이(가) '>>' 앞에 없습니다.
C:\Users\USER\Desktop\data\ch02.Array\Chap02_Array_Class\Chap02_Class_Example\rectangular.cpp(21,5): error C4430: 형식 지정자가 없습니다. int로 가정합니다. 참고: C++에서는 기본 int를 지원하지 않습니다.
C:\Users\USER\Desktop\data\ch02.Array\Chap02_Array_Class\Chap02_Class_Example\rectangular.cpp(21,5): error C2059: 구문 오류: '>>'
C:\Users\USER\Desktop\data\ch02.Array\Chap02_Array_Class\Chap02_Class_Example\rectangular.cpp(24,1): error C2059: 구문 오류: 'if'
C:\Users\USER\Desktop\data\ch02.Array\Chap02_Array_Class\Chap02_Class_Example\rectangular.cpp(24,21): error C2143: 구문 오류: ';'이(가) '{' 앞에 없습니다.
C:\Users\USER\Desktop\data\ch02.Array\Chap02_Array_Class\Chap02_Class_Example\rectangular.cpp(24,21): error C2447: '{': 함수 헤더가 없습니다. 이전 스타일의 형식 목록입니까?
C:\Users\USER\Desktop\data\ch02.Array\Chap02_Array_Class\Chap02_Class_Example\rectangular.cpp(28,1): error C2059: 구문 오류: 'else'
C:\Users\USER\Desktop\data\ch02.Array\Chap02_Array_Class\Chap02_Class_Example\rectangular.cpp(28,6): error C2143: 구문 오류: ';'이(가) '{' 앞에 없습니다.
C:\Users\USER\Desktop\data\ch02.Array\Chap02_Array_Class\Chap02_Class_Example\rectangular.cpp(28,6): error C2447: '{': 함수 헤더가 없습니다. 이전 스타일의 형식 목록입니까?
C:\Users\USER\Desktop\data\ch02.Array\Chap02_Array_Class\Chap02_Class_Example\rectangular.cpp(33,6): error C2143: 구문 오류: ';'이(가) '<<' 앞에 없습니다.
C:\Users\USER\Desktop\data\ch02.Array\Chap02_Array_Class\Chap02_Class_Example\rectangular.cpp(33,6): error C4430: 형식 지정자가 없습니다. int로 가정합니다. 참고: C++에서는 기본 int를 지원하지 않습니다.
C:\Users\USER\Desktop\data\ch02.Array\Chap02_Array_Class\Chap02_Class_Example\rectangular.cpp(33,1): error C2086: 'int cout': 재정의
  C:\Users\USER\Desktop\data\ch02.Array\Chap02_Array_Class\Chap02_Class_Example\rectangular.cpp(20,1):
  'cout' 선언을 참조하십시오.
  
C:\Users\USER\Desktop\data\ch02.Array\Chap02_Array_Class\Chap02_Class_Example\rectangular.cpp(33,6): error C2059: 구문 오류: '<<'
C:\Users\USER\Desktop\data\ch02.Array\Chap02_Array_Class\Chap02_Class_Example\rectangular.cpp(34,5): error C2143: 구문 오류: ';'이(가) '>>' 앞에 없습니다.
C:\Users\USER\Desktop\data\ch02.Array\Chap02_Array_Class\Chap02_Class_Example\rectangular.cpp(34,5): error C4430: 형식 지정자가 없습니다. int로 가정합니다. 참고: C++에서는 기본 int를 지원하지 않습니다.
C:\Users\USER\Desktop\data\ch02.Array\Chap02_Array_Class\Chap02_Class_Example\rectangular.cpp(34,1): error C2086: 'int cin': 재정의
  C:\Users\USER\Desktop\data\ch02.Array\Chap02_Array_Class\Chap02_Class_Example\rectangular.cpp(21,1):
  'cin' 선언을 참조하십시오.
  
C:\Users\USER\Desktop\data\ch02.Array\Chap02_Array_Class\Chap02_Class_Example\rectangular.cpp(34,5): error C2059: 구문 오류: '>>'
C:\Users\USER\Desktop\data\ch02.Array\Chap02_Array_Class\Chap02_Class_Example\rectangular.cpp(36,16): error C2059: 구문 오류: '>'
C:\Users\USER\Desktop\data\ch02.Array\Chap02_Array_Class\Chap02_Class_Example\rectangular.cpp(37,1): error C2059: 구문 오류: 'if'
C:\Users\USER\Desktop\data\ch02.Array\Chap02_Array_Class\Chap02_Class_Example\rectangular.cpp(37,30): error C2143: 구문 오류: ';'이(가) '{' 앞에 없습니다.
C:\Users\USER\Desktop\data\ch02.Array\Chap02_Array_Class\Chap02_Class_Example\rectangular.cpp(37,30): error C2447: '{': 함수 헤더가 없습니다. 이전 스타일의 형식 목록입니까?
C:\Users\USER\Desktop\data\ch02.Array\Chap02_Array_Class\Chap02_Class_Example\rectangular.cpp(43,1): error C2059: 구문 오류: 'else'
C:\Users\USER\Desktop\data\ch02.Array\Chap02_Array_Class\Chap02_Class_Example\rectangular.cpp(43,6): error C2143: 구문 오류: ';'이(가) '{' 앞에 없습니다.
C:\Users\USER\Desktop\data\ch02.Array\Chap02_Array_Class\Chap02_Class_Example\rectangular.cpp(43,6): error C2447: '{': 함수 헤더가 없습니다. 이전 스타일의 형식 목록입니까?
